28-Nov-2014 15:02:14 CET  Initiating request to open file root://xrootd.unl.edu//store/mc/Spring14miniaod/VBF_HToGG_M-125_13TeV-powheg-pythia6/MINIAODSIM/141029_PU40bx50_PLS170_V6AN2-v1/10000/5C3A5675-7C72-E411-AC85-003048D436EA.root
28-Nov-2014 15:02:56 CET  Successfully opened file root://xrootd.unl.edu//store/mc/Spring14miniaod/VBF_HToGG_M-125_13TeV-powheg-pythia6/MINIAODSIM/141029_PU40bx50_PLS170_V6AN2-v1/10000/5C3A5675-7C72-E411-AC85-003048D436EA.root
MVABin 0 : MethodName = BDT , type == 2 , Load weights file : /afs/cern.ch/work/l/lcorpe/private/CMSSW_7_0_7_patch1/src/flashgg/MicroAODProducers/data/Electrons_BDTG_NonTrigV0_Cat1.weights.xml
MVABin 1 : MethodName = BDT , type == 2 , Load weights file : /afs/cern.ch/work/l/lcorpe/private/CMSSW_7_0_7_patch1/src/flashgg/MicroAODProducers/data/Electrons_BDTG_NonTrigV0_Cat2.weights.xml
MVABin 2 : MethodName = BDT , type == 2 , Load weights file : /afs/cern.ch/work/l/lcorpe/private/CMSSW_7_0_7_patch1/src/flashgg/MicroAODProducers/data/Electrons_BDTG_NonTrigV0_Cat3.weights.xml
MVABin 3 : MethodName = BDT , type == 2 , Load weights file : /afs/cern.ch/work/l/lcorpe/private/CMSSW_7_0_7_patch1/src/flashgg/MicroAODProducers/data/Electrons_BDTG_NonTrigV0_Cat4.weights.xml
MVABin 4 : MethodName = BDT , type == 2 , Load weights file : /afs/cern.ch/work/l/lcorpe/private/CMSSW_7_0_7_patch1/src/flashgg/MicroAODProducers/data/Electrons_BDTG_NonTrigV0_Cat5.weights.xml
MVABin 5 : MethodName = BDT , type == 2 , Load weights file : /afs/cern.ch/work/l/lcorpe/private/CMSSW_7_0_7_patch1/src/flashgg/MicroAODProducers/data/Electrons_BDTG_NonTrigV0_Cat6.weights.xml
141128 15:08:15 7651 Xrd: XrdClientMessage::ReadRaw: Failed to read header (8 bytes).
Electron ID MVA Completed
28-Nov-2014 15:15:54 CET  Closed file root://xrootd.unl.edu//store/mc/Spring14miniaod/VBF_HToGG_M-125_13TeV-powheg-pythia6/MINIAODSIM/141029_PU40bx50_PLS170_V6AN2-v1/10000/5C3A5675-7C72-E411-AC85-003048D436EA.root
----- Begin Fatal Exception 28-Nov-2014 15:15:54 CET-----------------------
An exception of category 'FileWriteError' occurred while
   [0] Calling IOChannel::write()
Exception Message:
write() failed with system error 'Network dropped connection on reset' (error code 102)
   Additional Info:
      [a] Another exception was caught while trying to clean up files after the primary fatal exception.
----- End Fatal Exception -------------------------------------------------

=============================================

MessageLogger Summary

 type     category        sev    module        subroutine        count    total
 ---- -------------------- -- ---------------- ----------------  -----    -----
    1 Fatal Exception      -s                                        1        1
    2 fileAction           -s file_close                             1        1
    3 fileAction           -s file_open                              2        2

 type    category    Examples: run/evt        run/evt          run/evt
 ---- -------------------- ---------------- ---------------- ----------------
    1 Fatal Exception      BeforeEvents                      
    2 fileAction           BeforeEvents                      
    3 fileAction           pre-events       pre-events       

Severity    # Occurrences   Total Occurrences
--------    -------------   -----------------
System                  4                   4
terminate called after throwing an instance of 'cms::Exception'
  what():  An exception of category 'FileWriteError' occurred while
   [0] Calling IOChannel::write()
Exception Message:
write() failed with system error 'No such file or directory' (error code 2)

